<?xml version="1.0" encoding="UTF-8"?>
<!-- Generated by org.testng.reporters.JUnitReportReporter -->
<testsuite hostname="Admin_Pc" failures="0" tests="1" name="TestLayer.TestClass" time="4.690" errors="0" timestamp="2024-01-13T16:50:06 IST" skipped="0">
  <testcase classname="TestLayer.TestClass" name="validateLoginPageFunction" time="4.690"/>
  <system-out/>
</testsuite> <!-- TestLayer.TestClass -->
