<?xml version="1.0" encoding="UTF-8"?>
<!-- Generated by org.testng.reporters.JUnitReportReporter -->
<testsuite hostname="Admin_Pc" failures="0" tests="1" name="TestLayer.TestClass" time="3.612" errors="0" timestamp="2023-12-27T17:42:00 IST" skipped="0">
  <testcase classname="TestLayer.TestClass" name="validateLoginPageFunction" time="3.612"/>
  <system-out/>
</testsuite> <!-- TestLayer.TestClass -->
